[2017-05-12 09:59:57] RServer.ERROR: -> DATASET: Not a valid JSON input dataset [] []
[2017-05-12 09:59:57] RServer.ERROR: -> DATASET: Not a valid JSON input dataset [] []
[2017-05-12 09:59:57] RServer.ERROR: -> DATASET: No field LotusId [] []
[2017-05-12 09:59:57] RServer.ERROR: -> DATASET: Empty LotusId [] []
[2017-05-12 09:59:57] RServer.ERROR: -> DATASET: LotusId is not valid [] []
[2017-05-12 09:59:57] RServer.ERROR: -> DATASET: No field platformVendor [] []
[2017-05-12 09:59:57] RServer.ERROR: -> DATASET: No field platformTitle [] []
[2017-05-12 09:59:57] RServer.ERROR: -> DATASET: No field platformSerial [] []
[2017-05-12 09:59:57] RServer.ERROR: -> DATASET: No field applianceType [] []
[2017-05-12 09:59:57] RServer.ERROR: -> DATASET: No field applianceModule->product_number [] []
[2017-05-12 09:59:57] RServer.ERROR: -> DATASET: No field applianceModule->serial [] []
[2017-05-12 09:59:57] RServer.ERROR: -> DATASET: No field applianceModule->description [] []
[2017-05-12 09:59:57] RServer.ERROR: -> DATASET: No field applianceModule->product_number [] []
[2017-05-12 09:59:57] RServer.ERROR: -> DATASET: No field applianceModule->serial [] []
[2017-05-12 09:59:57] RServer.ERROR: -> DATASET: No field applianceModule->description [] []
[2017-05-12 09:59:57] RServer.ERROR: -> DATASET: No field applianceSoft [] []
[2017-05-12 09:59:57] RServer.ERROR: -> DATASET: No field softwareVersion [] []
[2017-05-12 09:59:57] RServer.ERROR: -> DATASET: No field hostname [] []
[2017-05-12 09:59:57] RServer.ERROR: -> DATASET: No field ip [] []
[2017-05-12 10:01:11] RServer.ERROR: -> DATASET: Not a valid JSON input dataset [] []
[2017-05-12 10:01:11] RServer.ERROR: -> DATASET: Not a valid JSON input dataset [] []
[2017-05-12 10:01:11] RServer.ERROR: -> DATASET: No field LotusId [] []
[2017-05-12 10:01:11] RServer.ERROR: -> DATASET: Empty LotusId [] []
[2017-05-12 10:01:11] RServer.ERROR: -> DATASET: LotusId is not valid [] []
[2017-05-12 10:01:11] RServer.ERROR: -> DATASET: No field platformVendor [] []
[2017-05-12 10:01:11] RServer.ERROR: -> DATASET: No field platformTitle [] []
[2017-05-12 10:01:11] RServer.ERROR: -> DATASET: No field platformSerial [] []
[2017-05-12 10:01:11] RServer.ERROR: -> DATASET: No field applianceType [] []
[2017-05-12 10:01:11] RServer.ERROR: -> DATASET: No field applianceModule->product_number [] []
[2017-05-12 10:01:11] RServer.ERROR: -> DATASET: No field applianceModule->serial [] []
[2017-05-12 10:01:11] RServer.ERROR: -> DATASET: No field applianceModule->description [] []
[2017-05-12 10:01:11] RServer.ERROR: -> DATASET: No field applianceModule->product_number [] []
[2017-05-12 10:01:11] RServer.ERROR: -> DATASET: No field applianceModule->serial [] []
[2017-05-12 10:01:11] RServer.ERROR: -> DATASET: No field applianceModule->description [] []
[2017-05-12 10:01:11] RServer.ERROR: -> DATASET: No field applianceSoft [] []
[2017-05-12 10:01:11] RServer.ERROR: -> DATASET: No field softwareVersion [] []
[2017-05-12 10:01:11] RServer.ERROR: -> DATASET: No field hostname [] []
[2017-05-12 10:01:11] RServer.ERROR: -> DATASET: No field ip [] []
